<?xml version="1.0" encoding="UTF-8"?>
<testsuite xmlns:xsi="http://www.w3.org/2001/XMLSchema-instance" xsi:noNamespaceSchemaLocation="https://maven.apache.org/surefire/maven-surefire-plugin/xsd/surefire-test-report-3.0.xsd" version="3.0" name="tek.sdet.framework.runner.TestRunner" time="7.005" tests="1" errors="0" skipped="0" failures="0">
  <properties>
[...]
</properties>
  <testcase name="Verify User can edit an Address added on account" classname="Retail Account Page" time="6.378">
    <system-out><![CDATA[
@updatingAddress
Scenario: Verify User can edit an Address added on account            # features/RetailAccountPage.feature:63
{browser=chrome, headless=false, url=https://tek-retail-ui.azurewebsites.net/}
 INFO [main] (SignInSteps.java:25)- User is on home page
  Given User is on retail website                                     # tek.sdet.framework.steps.SignInSteps.verifyUserCanSignInIntoRetailApplication()
 INFO [main] (SignInSteps.java:31)- user clicked on sign in button
  When User click on Sign In option                                   # tek.sdet.framework.steps.SignInSteps.userClickOnSignInOption()
 INFO [main] (SignInSteps.java:38)- user entered email and password
  And User enter email 'nothing2@gmail.com' and password '123456@Ewq' # tek.sdet.framework.steps.SignInSteps.userEnterEmailAndPassword(java.lang.String,java.lang.String)
 INFO [main] (SignInSteps.java:44)- user clicked on log in button
  And User click on login button                                      # tek.sdet.framework.steps.SignInSteps.userClickOnloginButton()
 INFO [main] (SignInSteps.java:51)- user is logged in into account
  And User should be logged in into account                           # tek.sdet.framework.steps.SignInSteps.userShouldBeLoggedInIntoAccount()
 INFO [main] (RetailAccountSteps.java:23)- user clicked on account option
  When User click on Account option                                   # tek.sdet.framework.steps.RetailAccountSteps.userClickOnAccountOption()
 INFO [main] (RetailAccountSteps.java:186)- user clicked on edit address button
  And User click on edit address option                               # tek.sdet.framework.steps.RetailAccountSteps.userClickOnEditAddressOption()
 INFO [main] (RetailAccountSteps.java:206)- user updated all the required fields with new information
  And User fill new address form with below Information               # tek.sdet.framework.steps.RetailAccountSteps.userFillNewAddressFormWithbelowInformation(io.cucumber.datatable.DataTable)
    | country | fullName   | phoneNumber | streetAddress       | apt | city    | state   | zipCode |
    | Canada  | Now Broker | 2028344987  | 4583 somewhere else | 345 | Ontario | Ontario | 43013   |
 INFO [main] (RetailAccountSteps.java:212)- user clicked on update address button
  And User click update your address button                           # tek.sdet.framework.steps.RetailAccountSteps.userClickUpdateYourAddressButton()
 INFO [main] (RetailAccountSteps.java:220)- user updated the address successfully
  Then a mesaage Should Be displayed 'Address Updated Successfully'   # tek.sdet.framework.steps.RetailAccountSteps.aMessageSHouldBeDisplayed(java.lang.String)
]]></system-out>
    <system-err><![CDATA[SLF4J: Failed to load class "org.slf4j.impl.StaticLoggerBinder".
SLF4J: Defaulting to no-operation (NOP) logger implementation
SLF4J: See http://www.slf4j.org/codes.html#StaticLoggerBinder for further details.
ERROR StatusLogger Log4j2 could not find a logging implementation. Please add log4j-core to the classpath. Using SimpleLogger to log to the console...
Starting ChromeDriver 107.0.5304.62 (1eec40d3a5764881c92085aaee66d25075c159aa-refs/branch-heads/5304@{#942}) on port 60811
Only local connections are allowed.
Please see https://chromedriver.chromium.org/security-considerations for suggestions on keeping ChromeDriver safe.
ChromeDriver was started successfully.
Nov 16, 2022 1:12:32 PM org.openqa.selenium.remote.ProtocolHandshake createSession
INFO: Detected upstream dialect: W3C
Nov 16, 2022 1:12:32 PM org.openqa.selenium.devtools.CdpVersionFinder findNearestMatch
WARNING: Unable to find an exact match for CDP version 107, so returning the closest version found: 104
Nov 16, 2022 1:12:32 PM org.openqa.selenium.devtools.CdpVersionFinder findNearestMatch
INFO: Found CDP implementation for version 107 of 104
]]></system-err>
  </testcase>
</testsuite>